<?xml version="1.0" encoding="UTF-8"?>
<testng-results skipped="0" failed="0" ignored="0" total="2" passed="2">
  <reporter-output>
    <line>
      <![CDATA[Suite Execution startsTue Jun 02 00:19:41 IST 2020]]>
    </line>
    <line>
      <![CDATA[Chrome Browser Launched]]>
    </line>
    <line>
      <![CDATA[http://rajbihari-pc/login.do Url navigated : ]]>
    </line>
    <line>
      <![CDATA[validLogin script is executing:Tue Jun 02 00:19:52 IST 2020]]>
    </line>
    <line>
      <![CDATA[home page is verified]]>
    </line>
    <line>
      <![CDATA[validLogin script is passed:]]>
    </line>
    <line>
      <![CDATA[Browser closed:]]>
    </line>
    <line>
      <![CDATA[Chrome Browser Launched]]>
    </line>
    <line>
      <![CDATA[http://rajbihari-pc/login.do Url navigated : ]]>
    </line>
    <line>
      <![CDATA[invalidLogin script is executing:Tue Jun 02 00:20:04 IST 2020]]>
    </line>
    <line>
      <![CDATA[invalidLogin script is passed:]]>
    </line>
    <line>
      <![CDATA[Browser closed:]]>
    </line>
  </reporter-output>
  <suite name="Suite" duration-ms="25819" started-at="2020-06-01T18:49:41Z" finished-at="2020-06-01T18:50:07Z">
    <groups>
      <group name="Functional">
        <method signature="LoginTest.invalidLogin()[pri:2, instance:com.actitime.scripts.LoginTest@6f7fd0e6]" name="invalidLogin" class="com.actitime.scripts.LoginTest"/>
      </group> <!-- Functional -->
      <group name="Smoke">
        <method signature="LoginTest.validLogin()[pri:1, instance:com.actitime.scripts.LoginTest@6f7fd0e6]" name="validLogin" class="com.actitime.scripts.LoginTest"/>
      </group> <!-- Smoke -->
    </groups>
    <test name="Test" duration-ms="25819" started-at="2020-06-01T18:49:41Z" finished-at="2020-06-01T18:50:07Z">
      <class name="com.actitime.scripts.LoginTest">
        <test-method status="PASS" signature="preCondition(java.lang.String, java.lang.String)[pri:0, instance:com.actitime.scripts.LoginTest@6f7fd0e6]" name="preCondition" is-config="true" duration-ms="10756" started-at="2020-06-01T18:49:41Z" finished-at="2020-06-01T18:49:52Z">
          <params>
            <param index="0">
              <value>
                <![CDATA[chrome]]>
              </value>
            </param>
            <param index="1">
              <value>
                <![CDATA[http://rajbihari-pc/login.do]]>
              </value>
            </param>
          </params>
          <reporter-output>
            <line>
              <![CDATA[Chrome Browser Launched]]>
            </line>
            <line>
              <![CDATA[http://rajbihari-pc/login.do Url navigated : ]]>
            </line>
          </reporter-output>
        </test-method> <!-- preCondition -->
        <test-method status="PASS" signature="validLogin()[pri:1, instance:com.actitime.scripts.LoginTest@6f7fd0e6]" name="validLogin" duration-ms="5112" started-at="2020-06-01T18:49:52Z" finished-at="2020-06-01T18:49:57Z">
          <reporter-output>
            <line>
              <![CDATA[validLogin script is executing:Tue Jun 02 00:19:52 IST 2020]]>
            </line>
            <line>
              <![CDATA[home page is verified]]>
            </line>
            <line>
              <![CDATA[validLogin script is passed:]]>
            </line>
          </reporter-output>
        </test-method> <!-- validLogin -->
        <test-method status="PASS" signature="postCondition()[pri:0, instance:com.actitime.scripts.LoginTest@6f7fd0e6]" name="postCondition" is-config="true" duration-ms="490" started-at="2020-06-01T18:49:57Z" finished-at="2020-06-01T18:49:58Z">
          <reporter-output>
            <line>
              <![CDATA[Browser closed:]]>
            </line>
          </reporter-output>
        </test-method> <!-- postCondition -->
        <test-method status="PASS" signature="preCondition(java.lang.String, java.lang.String)[pri:0, instance:com.actitime.scripts.LoginTest@6f7fd0e6]" name="preCondition" is-config="true" duration-ms="6241" started-at="2020-06-01T18:49:58Z" finished-at="2020-06-01T18:50:04Z">
          <params>
            <param index="0">
              <value>
                <![CDATA[chrome]]>
              </value>
            </param>
            <param index="1">
              <value>
                <![CDATA[http://rajbihari-pc/login.do]]>
              </value>
            </param>
          </params>
          <reporter-output>
            <line>
              <![CDATA[Chrome Browser Launched]]>
            </line>
            <line>
              <![CDATA[http://rajbihari-pc/login.do Url navigated : ]]>
            </line>
          </reporter-output>
        </test-method> <!-- preCondition -->
        <test-method status="PASS" signature="invalidLogin()[pri:2, instance:com.actitime.scripts.LoginTest@6f7fd0e6]" name="invalidLogin" duration-ms="912" started-at="2020-06-01T18:50:04Z" finished-at="2020-06-01T18:50:05Z">
          <reporter-output>
            <line>
              <![CDATA[invalidLogin script is executing:Tue Jun 02 00:20:04 IST 2020]]>
            </line>
            <line>
              <![CDATA[invalidLogin script is passed:]]>
            </line>
          </reporter-output>
        </test-method> <!-- invalidLogin -->
        <test-method status="PASS" signature="postCondition()[pri:0, instance:com.actitime.scripts.LoginTest@6f7fd0e6]" name="postCondition" is-config="true" duration-ms="2240" started-at="2020-06-01T18:50:05Z" finished-at="2020-06-01T18:50:07Z">
          <reporter-output>
            <line>
              <![CDATA[Browser closed:]]>
            </line>
          </reporter-output>
        </test-method> <!-- postCondition -->
      </class> <!-- com.actitime.scripts.LoginTest -->
    </test> <!-- Test -->
  </suite> <!-- Suite -->
</testng-results>
